TN:
SF:src/index.ts
FN:8,add
FNF:1
FNH:1
FNDA:5,add
DA:8,1
DA:9,5
DA:12,1
DA:13,1
DA:14,1
DA:15,1
DA:16,1
DA:17,1
DA:19,1
DA:21,1
DA:25,1
DA:36,1
DA:48,1
DA:55,1
DA:65,1
DA:74,1
DA:83,1
DA:93,1
DA:103,1
DA:106,1
LF:20
LH:20
BRF:0
BRH:0
end_of_record
TN:
SF:src/Grupo/grupos.ts
FN:34,(anonymous_0)
FN:56,(anonymous_1)
FN:64,(anonymous_2)
FN:72,(anonymous_3)
FN:80,(anonymous_4)
FN:88,(anonymous_5)
FN:96,(anonymous_6)
FN:104,(anonymous_7)
FN:112,(anonymous_8)
FN:120,(anonymous_9)
FN:128,(anonymous_10)
FN:136,(anonymous_11)
FN:144,(anonymous_12)
FN:152,(anonymous_13)
FN:160,(anonymous_14)
FNF:15
FNH:15
FNDA:2,(anonymous_0)
FNDA:1,(anonymous_1)
FNDA:1,(anonymous_2)
FNDA:1,(anonymous_3)
FNDA:1,(anonymous_4)
FNDA:1,(anonymous_5)
FNDA:1,(anonymous_6)
FNDA:1,(anonymous_7)
FNDA:1,(anonymous_8)
FNDA:1,(anonymous_9)
FNDA:1,(anonymous_10)
FNDA:1,(anonymous_11)
FNDA:1,(anonymous_12)
FNDA:1,(anonymous_13)
FNDA:1,(anonymous_14)
DA:15,1
DA:43,2
DA:44,2
DA:45,2
DA:46,2
DA:47,2
DA:48,2
DA:49,2
DA:57,1
DA:65,1
DA:73,1
DA:81,1
DA:89,1
DA:97,1
DA:105,1
DA:113,1
DA:121,1
DA:129,1
DA:137,1
DA:145,1
DA:153,1
DA:161,1
LF:22
LH:22
BRF:0
BRH:0
end_of_record
TN:
SF:src/Reto/retos.ts
FN:23,(anonymous_0)
FN:34,(anonymous_1)
FN:44,(anonymous_2)
FN:52,(anonymous_3)
FN:60,(anonymous_4)
FN:68,(anonymous_5)
FN:76,(anonymous_6)
FN:84,(anonymous_7)
FN:87,(anonymous_8)
FN:96,(anonymous_9)
FN:104,(anonymous_10)
FN:112,(anonymous_11)
FN:119,(anonymous_12)
FN:127,(anonymous_13)
FN:135,(anonymous_14)
FNF:15
FNH:15
FNDA:3,(anonymous_0)
FNDA:6,(anonymous_1)
FNDA:1,(anonymous_2)
FNDA:1,(anonymous_3)
FNDA:1,(anonymous_4)
FNDA:1,(anonymous_5)
FNDA:1,(anonymous_6)
FNDA:1,(anonymous_7)
FNDA:1,(anonymous_8)
FNDA:1,(anonymous_9)
FNDA:1,(anonymous_10)
FNDA:1,(anonymous_11)
FNDA:1,(anonymous_12)
FNDA:1,(anonymous_13)
FNDA:1,(anonymous_14)
DA:7,1
DA:12,3
DA:30,3
DA:31,3
DA:32,3
DA:33,3
DA:34,3
DA:35,6
DA:37,3
DA:45,1
DA:53,1
DA:61,1
DA:69,1
DA:77,1
DA:85,1
DA:86,1
DA:87,1
DA:88,1
DA:97,1
DA:105,1
DA:113,1
DA:120,1
DA:128,1
DA:136,1
LF:24
LH:24
BRF:0
BRH:0
end_of_record
TN:
SF:src/Ruta/coordenadas.ts
FN:16,(anonymous_0)
FN:26,(anonymous_1)
FN:34,(anonymous_2)
FN:42,(anonymous_3)
FN:50,(anonymous_4)
FN:58,(anonymous_5)
FN:66,(anonymous_6)
FNF:7
FNH:7
FNDA:9,(anonymous_0)
FNDA:5,(anonymous_1)
FNDA:1,(anonymous_2)
FNDA:5,(anonymous_3)
FNDA:1,(anonymous_4)
FNDA:5,(anonymous_5)
FNDA:1,(anonymous_6)
DA:5,1
DA:17,9
DA:18,9
DA:19,9
DA:27,5
DA:35,1
DA:43,5
DA:51,1
DA:59,5
DA:67,1
LF:10
LH:10
BRF:0
BRH:0
end_of_record
TN:
SF:src/Ruta/rutas.ts
FN:29,(anonymous_0)
FN:55,(anonymous_1)
FN:63,(anonymous_2)
FN:71,(anonymous_3)
FN:79,(anonymous_4)
FN:87,(anonymous_5)
FN:95,(anonymous_6)
FN:103,(anonymous_7)
FN:111,(anonymous_8)
FN:119,(anonymous_9)
FN:127,(anonymous_10)
FN:135,(anonymous_11)
FN:143,(anonymous_12)
FN:151,(anonymous_13)
FN:159,(anonymous_14)
FN:167,(anonymous_15)
FN:175,(anonymous_16)
FN:183,(anonymous_17)
FN:191,(anonymous_18)
FNF:19
FNH:19
FNDA:3,(anonymous_0)
FNDA:2,(anonymous_1)
FNDA:1,(anonymous_2)
FNDA:2,(anonymous_3)
FNDA:1,(anonymous_4)
FNDA:6,(anonymous_5)
FNDA:1,(anonymous_6)
FNDA:6,(anonymous_7)
FNDA:1,(anonymous_8)
FNDA:9,(anonymous_9)
FNDA:1,(anonymous_10)
FNDA:2,(anonymous_11)
FNDA:1,(anonymous_12)
FNDA:2,(anonymous_13)
FNDA:1,(anonymous_14)
FNDA:2,(anonymous_15)
FNDA:1,(anonymous_16)
FNDA:2,(anonymous_17)
FNDA:1,(anonymous_18)
DA:6,1
DA:40,3
DA:41,3
DA:42,3
DA:43,3
DA:44,3
DA:45,3
DA:46,3
DA:47,3
DA:48,3
DA:56,2
DA:64,1
DA:72,2
DA:80,1
DA:88,6
DA:96,1
DA:104,6
DA:112,1
DA:120,9
DA:128,1
DA:136,2
DA:144,1
DA:152,2
DA:160,1
DA:168,2
DA:176,1
DA:184,2
DA:192,1
LF:28
LH:28
BRF:0
BRH:0
end_of_record
TN:
SF:src/Usuario/estadisticas_entrenamiento.ts
FN:16,(anonymous_0)
FN:30,(anonymous_1)
FN:38,(anonymous_2)
FN:46,(anonymous_3)
FN:54,(anonymous_4)
FN:62,(anonymous_5)
FN:70,(anonymous_6)
FNF:7
FNH:7
FNDA:4,(anonymous_0)
FNDA:1,(anonymous_1)
FNDA:1,(anonymous_2)
FNDA:1,(anonymous_3)
FNDA:1,(anonymous_4)
FNDA:1,(anonymous_5)
FNDA:1,(anonymous_6)
DA:5,1
DA:21,4
DA:22,4
DA:23,4
DA:31,1
DA:39,1
DA:47,1
DA:55,1
DA:63,1
DA:71,1
LF:10
LH:10
BRF:0
BRH:0
end_of_record
TN:
SF:src/Usuario/usuario.ts
FN:29,(anonymous_0)
FN:52,(anonymous_1)
FN:60,(anonymous_2)
FN:67,(anonymous_3)
FN:75,(anonymous_4)
FN:83,(anonymous_5)
FN:91,(anonymous_6)
FN:98,(anonymous_7)
FN:107,(anonymous_8)
FN:123,(anonymous_9)
FN:137,(anonymous_10)
FN:144,(anonymous_11)
FN:154,(anonymous_12)
FN:171,(anonymous_13)
FN:186,(anonymous_14)
FN:194,(anonymous_15)
FN:203,(anonymous_16)
FN:219,(anonymous_17)
FN:234,(anonymous_18)
FN:242,(anonymous_19)
FN:251,(anonymous_20)
FN:267,(anonymous_21)
FNF:22
FNH:22
FNDA:2,(anonymous_0)
FNDA:1,(anonymous_1)
FNDA:2,(anonymous_2)
FNDA:1,(anonymous_3)
FNDA:2,(anonymous_4)
FNDA:1,(anonymous_5)
FNDA:7,(anonymous_6)
FNDA:1,(anonymous_7)
FNDA:2,(anonymous_8)
FNDA:2,(anonymous_9)
FNDA:6,(anonymous_10)
FNDA:1,(anonymous_11)
FNDA:2,(anonymous_12)
FNDA:2,(anonymous_13)
FNDA:7,(anonymous_14)
FNDA:1,(anonymous_15)
FNDA:2,(anonymous_16)
FNDA:2,(anonymous_17)
FNDA:6,(anonymous_18)
FNDA:1,(anonymous_19)
FNDA:2,(anonymous_20)
FNDA:2,(anonymous_21)
DA:8,1
DA:38,2
DA:39,2
DA:40,2
DA:41,2
DA:42,2
DA:43,2
DA:44,2
DA:53,1
DA:61,2
DA:68,1
DA:76,2
DA:84,1
DA:92,7
DA:99,1
DA:108,2
DA:109,2
DA:110,1
DA:111,1
DA:113,1
DA:114,1
DA:124,2
DA:125,2
DA:126,1
DA:127,1
DA:129,1
DA:130,1
DA:138,6
DA:145,1
DA:155,2
DA:156,2
DA:157,1
DA:158,1
DA:160,1
DA:161,1
DA:172,2
DA:173,2
DA:174,1
DA:175,1
DA:177,1
DA:178,1
DA:187,7
DA:195,1
DA:204,2
DA:205,2
DA:206,1
DA:207,1
DA:209,1
DA:210,1
DA:220,2
DA:221,2
DA:222,1
DA:223,1
DA:225,1
DA:226,1
DA:235,6
DA:243,1
DA:252,2
DA:253,2
DA:254,1
DA:255,1
DA:257,1
DA:258,1
DA:268,2
DA:269,2
DA:270,1
DA:271,1
DA:273,1
DA:274,1
LF:69
LH:69
BRDA:36,0,0,1
BRDA:44,1,0,1
BRDA:44,1,1,1
BRDA:109,2,0,1
BRDA:109,2,1,1
BRDA:125,3,0,1
BRDA:125,3,1,1
BRDA:156,4,0,1
BRDA:156,4,1,1
BRDA:173,5,0,1
BRDA:173,5,1,1
BRDA:205,6,0,1
BRDA:205,6,1,1
BRDA:221,7,0,1
BRDA:221,7,1,1
BRDA:253,8,0,1
BRDA:253,8,1,1
BRDA:269,9,0,1
BRDA:269,9,1,1
BRF:19
BRH:19
end_of_record
