TN:
SF:src/coordenadas.ts
FN:16,(anonymous_0)
FN:26,(anonymous_1)
FN:34,(anonymous_2)
FN:42,(anonymous_3)
FN:50,(anonymous_4)
FN:58,(anonymous_5)
FN:66,(anonymous_6)
FNF:7
FNH:4
FNDA:2,(anonymous_0)
FNDA:2,(anonymous_1)
FNDA:0,(anonymous_2)
FNDA:2,(anonymous_3)
FNDA:0,(anonymous_4)
FNDA:2,(anonymous_5)
FNDA:0,(anonymous_6)
DA:5,1
DA:17,2
DA:18,2
DA:19,2
DA:27,2
DA:35,0
DA:43,2
DA:51,0
DA:59,2
DA:67,0
LF:10
LH:7
BRF:0
BRH:0
end_of_record
TN:
SF:src/index.ts
FN:8,add
FNF:1
FNH:1
FNDA:5,add
DA:8,1
DA:9,5
LF:2
LH:2
BRF:0
BRH:0
end_of_record
TN:
SF:src/rutas.ts
FN:28,(anonymous_0)
FN:45,(anonymous_1)
FN:53,(anonymous_2)
FN:61,(anonymous_3)
FN:69,(anonymous_4)
FN:77,(anonymous_5)
FN:85,(anonymous_6)
FN:93,(anonymous_7)
FN:101,(anonymous_8)
FN:109,(anonymous_9)
FN:117,(anonymous_10)
FN:125,(anonymous_11)
FN:133,(anonymous_12)
FN:141,(anonymous_13)
FN:149,(anonymous_14)
FN:157,(anonymous_15)
FN:165,(anonymous_16)
FN:173,(anonymous_17)
FN:181,(anonymous_18)
FNF:19
FNH:10
FNDA:1,(anonymous_0)
FNDA:1,(anonymous_1)
FNDA:0,(anonymous_2)
FNDA:1,(anonymous_3)
FNDA:0,(anonymous_4)
FNDA:3,(anonymous_5)
FNDA:0,(anonymous_6)
FNDA:3,(anonymous_7)
FNDA:0,(anonymous_8)
FNDA:1,(anonymous_9)
FNDA:0,(anonymous_10)
FNDA:1,(anonymous_11)
FNDA:0,(anonymous_12)
FNDA:1,(anonymous_13)
FNDA:0,(anonymous_14)
FNDA:1,(anonymous_15)
FNDA:0,(anonymous_16)
FNDA:1,(anonymous_17)
FNDA:0,(anonymous_18)
DA:5,1
DA:30,1
DA:31,1
DA:32,1
DA:33,1
DA:34,1
DA:35,1
DA:36,1
DA:37,1
DA:38,1
DA:46,1
DA:54,0
DA:62,1
DA:70,0
DA:78,3
DA:86,0
DA:94,3
DA:102,0
DA:110,1
DA:118,0
DA:126,1
DA:134,0
DA:142,1
DA:150,0
DA:158,1
DA:166,0
DA:174,1
DA:182,0
LF:28
LH:19
BRF:0
BRH:0
end_of_record
